2026-07-16 03:17:07,974 - ---Inicio del programa---
2026-07-16 03:17:08,443 - Conexion modbus exitosa
2026-07-16 03:17:32,893 - ['Faltante\n', 'Faltante\n', 'Faltante\n']
2026-07-16 03:17:32,893 - [0.97566277, 0.9995308, 0.97458684]
2026-07-16 03:17:32,893 - ------------------
2026-07-16 03:17:43,689 - Habilitado = False
2026-07-16 03:17:43,795 - Habilitado = False
2026-07-16 03:17:43,899 - Habilitado = False
2026-07-16 03:17:44,015 - Habilitado = False
2026-07-16 03:17:44,123 - Habilitado = False
2026-07-16 03:17:44,232 - Habilitado = False
2026-07-16 03:17:44,341 - Habilitado = False
2026-07-16 03:17:44,452 - Habilitado = False
2026-07-16 03:17:44,561 - Habilitado = False
2026-07-16 03:17:44,670 - Habilitado = False
2026-07-16 03:17:44,767 - Habilitado = False
2026-07-16 03:17:44,875 - Habilitado = False
2026-07-16 03:17:45,004 - Habilitado = False
2026-07-16 03:17:45,131 - Habilitado = False
2026-07-16 03:17:45,230 - Habilitado = False
2026-07-16 03:17:45,366 - Habilitado = False
2026-07-16 03:17:45,465 - Habilitado = False
2026-07-16 03:17:45,560 - Habilitado = False
2026-07-16 03:17:45,672 - Habilitado = False
2026-07-16 03:17:45,797 - Habilitado = False
2026-07-16 03:17:45,903 - Habilitado = False
2026-07-16 03:17:46,013 - Habilitado = False
2026-07-16 03:17:46,106 - Habilitado = False
2026-07-16 03:17:46,219 - Habilitado = False
2026-07-16 03:17:46,311 - Habilitado = False
2026-07-16 03:17:46,431 - Habilitado = False
2026-07-16 03:17:46,550 - Habilitado = False
2026-07-16 03:17:46,660 - Habilitado = False
2026-07-16 03:17:46,765 - Habilitado = False
2026-07-16 03:17:46,860 - Habilitado = False
2026-07-16 03:17:46,967 - Habilitado = False
2026-07-16 03:17:47,067 - Habilitado = False
2026-07-16 03:17:47,169 - Habilitado = False
2026-07-16 03:17:47,260 - Habilitado = False
2026-07-16 03:17:47,371 - Habilitado = False
2026-07-16 03:17:47,485 - Habilitado = False
2026-07-16 03:17:47,586 - Habilitado = False
2026-07-16 03:18:39,135 - ['NOK\n', 'OK\n', 'NOK\n']
2026-07-16 03:18:39,135 - [0.7432999, 0.99996424, 0.9393408]
2026-07-16 03:18:39,135 - ------------------
2026-07-16 03:18:50,003 - Habilitado = False
2026-07-16 03:18:50,145 - Habilitado = False
2026-07-16 03:18:50,286 - Habilitado = False
2026-07-16 03:18:50,427 - Habilitado = False
2026-07-16 03:18:50,567 - Habilitado = False
2026-07-16 03:18:50,711 - Habilitado = False
2026-07-16 03:18:50,859 - Habilitado = False
2026-07-16 03:18:51,014 - Habilitado = False
2026-07-16 03:18:51,156 - Habilitado = False
2026-07-16 03:18:51,333 - Habilitado = False
2026-07-16 03:18:51,488 - Habilitado = False
2026-07-16 03:18:51,627 - Habilitado = False
2026-07-16 03:18:51,764 - Habilitado = False
2026-07-16 03:18:51,905 - Habilitado = False
2026-07-16 03:18:52,062 - Habilitado = False
2026-07-16 03:18:52,218 - Habilitado = False
2026-07-16 03:18:52,358 - Habilitado = False
2026-07-16 03:18:52,500 - Habilitado = False
2026-07-16 03:18:52,656 - Habilitado = False
2026-07-16 03:18:52,806 - Habilitado = False
2026-07-16 03:18:52,950 - Habilitado = False
2026-07-16 03:18:53,090 - Habilitado = False
2026-07-16 03:18:53,231 - Habilitado = False
2026-07-16 03:18:53,386 - Habilitado = False
2026-07-16 03:18:53,541 - Habilitado = False
2026-07-16 03:18:53,683 - Habilitado = False
2026-07-16 03:18:53,820 - Habilitado = False
2026-07-16 03:19:45,503 - ['Faltante\n', 'Faltante\n', 'Faltante\n']
2026-07-16 03:19:45,503 - [0.8510461, 0.9999436, 0.9671543]
2026-07-16 03:19:45,503 - ------------------
2026-07-16 03:19:56,301 - Habilitado = False
2026-07-16 03:19:56,420 - Habilitado = False
2026-07-16 03:19:56,544 - Habilitado = False
2026-07-16 03:19:56,653 - Habilitado = False
2026-07-16 03:19:56,763 - Habilitado = False
2026-07-16 03:19:56,886 - Habilitado = False
2026-07-16 03:19:57,010 - Habilitado = False
2026-07-16 03:19:57,129 - Habilitado = False
2026-07-16 03:19:57,227 - Habilitado = False
2026-07-16 03:19:57,339 - Habilitado = False
2026-07-16 03:19:57,450 - Habilitado = False
2026-07-16 03:19:57,555 - Habilitado = False
2026-07-16 03:19:57,651 - Habilitado = False
2026-07-16 03:19:57,755 - Habilitado = False
2026-07-16 03:19:57,855 - Habilitado = False
2026-07-16 03:19:57,963 - Habilitado = False
2026-07-16 03:19:58,084 - Habilitado = False
2026-07-16 03:19:58,180 - Habilitado = False
2026-07-16 03:19:58,292 - Habilitado = False
2026-07-16 03:19:58,415 - Habilitado = False
2026-07-16 03:19:58,538 - Habilitado = False
2026-07-16 03:19:58,648 - Habilitado = False
2026-07-16 03:19:58,758 - Habilitado = False
2026-07-16 03:19:58,858 - Habilitado = False
2026-07-16 03:19:58,962 - Habilitado = False
2026-07-16 03:19:59,086 - Habilitado = False
2026-07-16 03:19:59,196 - Habilitado = False
2026-07-16 03:19:59,302 - Habilitado = False
2026-07-16 03:19:59,412 - Habilitado = False
2026-07-16 03:19:59,520 - Habilitado = False
2026-07-16 03:19:59,629 - Habilitado = False
2026-07-16 03:19:59,737 - Habilitado = False
2026-07-16 03:19:59,845 - Habilitado = False
2026-07-16 03:19:59,955 - Habilitado = False
2026-07-16 03:20:00,062 - Habilitado = False
2026-07-16 03:20:00,170 - Habilitado = False
2026-07-16 03:20:51,626 - ['OK\n', 'OK\n', 'NOK\n']
2026-07-16 03:20:51,626 - [0.6965562, 0.99996316, 0.8645947]
2026-07-16 03:20:51,626 - ------------------
2026-07-16 03:21:02,425 - Habilitado = False
2026-07-16 03:21:02,567 - Habilitado = False
2026-07-16 03:21:02,708 - Habilitado = False
2026-07-16 03:21:02,849 - Habilitado = False
2026-07-16 03:21:02,986 - Habilitado = False
2026-07-16 03:21:03,138 - Habilitado = False
2026-07-16 03:21:03,299 - Habilitado = False
2026-07-16 03:21:03,455 - Habilitado = False
2026-07-16 03:21:03,611 - Habilitado = False
2026-07-16 03:21:03,759 - Habilitado = False
2026-07-16 03:21:03,922 - Habilitado = False
2026-07-16 03:21:04,076 - Habilitado = False
2026-07-16 03:21:04,233 - Habilitado = False
2026-07-16 03:21:04,371 - Habilitado = False
2026-07-16 03:21:04,514 - Habilitado = False
2026-07-16 03:21:04,651 - Habilitado = False
2026-07-16 03:21:04,809 - Habilitado = False
2026-07-16 03:21:04,965 - Habilitado = False
2026-07-16 03:21:05,106 - Habilitado = False
2026-07-16 03:21:05,246 - Habilitado = False
2026-07-16 03:21:05,387 - Habilitado = False
2026-07-16 03:21:05,524 - Habilitado = False
2026-07-16 03:21:05,670 - Habilitado = False
2026-07-16 03:21:05,821 - Habilitado = False
2026-07-16 03:21:05,978 - Habilitado = False
2026-07-16 03:21:06,119 - Habilitado = False
2026-07-16 03:21:06,273 - Habilitado = False
2026-07-16 03:21:57,964 - ['Faltante\n', 'OK\n', 'OK\n']
2026-07-16 03:21:57,964 - [0.58385473, 0.99330175, 0.97964513]
2026-07-16 03:21:57,964 - ------------------
2026-07-16 03:22:08,751 - Habilitado = False
2026-07-16 03:22:08,871 - Habilitado = False
2026-07-16 03:22:08,967 - Habilitado = False
2026-07-16 03:22:09,072 - Habilitado = False
2026-07-16 03:22:09,169 - Habilitado = False
2026-07-16 03:22:09,274 - Habilitado = False
2026-07-16 03:22:09,370 - Habilitado = False
2026-07-16 03:22:09,483 - Habilitado = False
2026-07-16 03:22:09,603 - Habilitado = False
2026-07-16 03:22:09,714 - Habilitado = False
2026-07-16 03:22:09,825 - Habilitado = False
2026-07-16 03:22:09,931 - Habilitado = False
2026-07-16 03:22:10,043 - Habilitado = False
2026-07-16 03:22:10,152 - Habilitado = False
2026-07-16 03:22:10,257 - Habilitado = False
2026-07-16 03:22:10,369 - Habilitado = False
2026-07-16 03:22:10,478 - Habilitado = False
2026-07-16 03:22:10,598 - Habilitado = False
2026-07-16 03:22:10,710 - Habilitado = False
2026-07-16 03:22:10,820 - Habilitado = False
2026-07-16 03:22:10,915 - Habilitado = False
2026-07-16 03:22:11,022 - Habilitado = False
2026-07-16 03:22:11,121 - Habilitado = False
2026-07-16 03:22:11,227 - Habilitado = False
2026-07-16 03:22:11,320 - Habilitado = False
2026-07-16 03:22:11,428 - Habilitado = False
2026-07-16 03:22:11,533 - Habilitado = False
2026-07-16 03:22:11,660 - Habilitado = False
2026-07-16 03:22:11,770 - Habilitado = False
2026-07-16 03:22:11,881 - Habilitado = False
2026-07-16 03:22:11,990 - Habilitado = False
2026-07-16 03:22:12,095 - Habilitado = False
2026-07-16 03:22:12,209 - Habilitado = False
2026-07-16 03:22:12,314 - Habilitado = False
2026-07-16 03:22:12,427 - Habilitado = False
2026-07-16 03:22:12,533 - Habilitado = False
2026-07-16 03:22:12,629 - Habilitado = False
2026-07-16 03:22:12,737 - Habilitado = False
2026-07-16 03:23:06,027 - ['NOK\n', 'OK\n', 'NOK\n']
2026-07-16 03:23:06,027 - [0.9437513, 0.9992174, 0.94144446]
2026-07-16 03:23:06,027 - ------------------
2026-07-16 03:23:16,871 - Habilitado = False
2026-07-16 03:23:17,011 - Habilitado = False
2026-07-16 03:23:17,150 - Habilitado = False
2026-07-16 03:23:17,290 - Habilitado = False
2026-07-16 03:23:17,433 - Habilitado = False
2026-07-16 03:23:17,588 - Habilitado = False
2026-07-16 03:23:17,742 - Habilitado = False
2026-07-16 03:23:17,881 - Habilitado = False
2026-07-16 03:23:18,023 - Habilitado = False
2026-07-16 03:23:18,177 - Habilitado = False
2026-07-16 03:23:18,333 - Habilitado = False
2026-07-16 03:23:18,474 - Habilitado = False
2026-07-16 03:23:18,616 - Habilitado = False
2026-07-16 03:23:18,752 - Habilitado = False
2026-07-16 03:23:18,891 - Habilitado = False
2026-07-16 03:23:19,051 - Habilitado = False
2026-07-16 03:23:19,205 - Habilitado = False
2026-07-16 03:23:19,342 - Habilitado = False
2026-07-16 03:23:19,488 - Habilitado = False
2026-07-16 03:23:19,636 - Habilitado = False
2026-07-16 03:23:19,792 - Habilitado = False
2026-07-16 03:23:19,931 - Habilitado = False
2026-07-16 03:23:20,071 - Habilitado = False
2026-07-16 03:23:20,213 - Habilitado = False
2026-07-16 03:23:20,370 - Habilitado = False
2026-07-16 03:23:20,508 - Habilitado = False
2026-07-16 03:23:20,654 - Habilitado = False
2026-07-16 03:23:20,795 - Habilitado = False
2026-07-16 03:24:07,141 - ['Faltante\n', 'Faltante\n', 'Faltante\n']
2026-07-16 03:24:07,141 - [0.9922955, 0.9993735, 0.8899624]
2026-07-16 03:24:07,142 - ------------------
2026-07-16 03:24:17,919 - Habilitado = False
2026-07-16 03:24:18,027 - Habilitado = False
2026-07-16 03:24:18,137 - Habilitado = False
2026-07-16 03:24:18,248 - Habilitado = False
2026-07-16 03:24:18,358 - Habilitado = False
2026-07-16 03:24:18,479 - Habilitado = False
2026-07-16 03:24:18,586 - Habilitado = False
2026-07-16 03:24:18,700 - Habilitado = False
2026-07-16 03:24:18,822 - Habilitado = False
2026-07-16 03:24:18,944 - Habilitado = False
2026-07-16 03:24:19,074 - Habilitado = False
2026-07-16 03:24:19,179 - Habilitado = False
2026-07-16 03:24:19,288 - Habilitado = False
2026-07-16 03:24:19,384 - Habilitado = False
2026-07-16 03:24:19,494 - Habilitado = False
2026-07-16 03:24:19,604 - Habilitado = False
2026-07-16 03:24:19,716 - Habilitado = False
2026-07-16 03:24:19,805 - Habilitado = False
2026-07-16 03:24:19,919 - Habilitado = False
2026-07-16 03:24:20,025 - Habilitado = False
2026-07-16 03:24:20,136 - Habilitado = False
2026-07-16 03:24:20,244 - Habilitado = False
2026-07-16 03:24:20,369 - Habilitado = False
2026-07-16 03:24:20,488 - Habilitado = False
2026-07-16 03:24:20,613 - Habilitado = False
2026-07-16 03:24:20,725 - Habilitado = False
2026-07-16 03:24:20,833 - Habilitado = False
2026-07-16 03:24:20,947 - Habilitado = False
2026-07-16 03:24:21,047 - Habilitado = False
2026-07-16 03:24:21,143 - Habilitado = False
2026-07-16 03:24:21,249 - Habilitado = False
2026-07-16 03:24:21,361 - Habilitado = False
2026-07-16 03:24:21,478 - Habilitado = False
2026-07-16 03:24:21,584 - Habilitado = False
2026-07-16 03:24:21,691 - Habilitado = False
2026-07-16 03:24:21,798 - Habilitado = False
2026-07-16 03:24:21,896 - Habilitado = False
2026-07-16 03:25:09,174 - ['OK\n', 'OK\n', 'NOK\n']
2026-07-16 03:25:09,174 - [0.8741162, 0.9993144, 0.59072024]
2026-07-16 03:25:09,174 - ------------------
2026-07-16 03:25:19,990 - Habilitado = False
2026-07-16 03:25:20,134 - Habilitado = False
2026-07-16 03:25:20,268 - Habilitado = False
2026-07-16 03:25:20,409 - Habilitado = False
2026-07-16 03:25:20,563 - Habilitado = False
2026-07-16 03:25:20,726 - Habilitado = False
2026-07-16 03:25:20,877 - Habilitado = False
2026-07-16 03:25:21,020 - Habilitado = False
2026-07-16 03:25:21,175 - Habilitado = False
2026-07-16 03:25:21,330 - Habilitado = False
2026-07-16 03:25:21,471 - Habilitado = False
2026-07-16 03:25:21,612 - Habilitado = False
2026-07-16 03:25:21,781 - Habilitado = False
2026-07-16 03:25:21,919 - Habilitado = False
2026-07-16 03:25:22,060 - Habilitado = False
2026-07-16 03:25:22,204 - Habilitado = False
2026-07-16 03:25:22,363 - Habilitado = False
2026-07-16 03:25:22,511 - Habilitado = False
2026-07-16 03:25:22,653 - Habilitado = False
2026-07-16 03:25:22,791 - Habilitado = False
2026-07-16 03:25:22,936 - Habilitado = False
2026-07-16 03:25:23,084 - Habilitado = False
2026-07-16 03:25:23,215 - Habilitado = False
2026-07-16 03:25:23,370 - Habilitado = False
2026-07-16 03:25:23,527 - Habilitado = False
2026-07-16 03:25:23,661 - Habilitado = False
2026-07-16 03:25:23,818 - Habilitado = False
2026-07-16 03:25:23,959 - Habilitado = False
2026-07-16 03:25:32,420 - ---Fin del programa---
